2026-01-22 16:00:01,776 - INFO - Logging initialized. Log file: c:\Users\Daan\greenfoot\Documents\GitHub\Quant-Finance-Assignment-1\log_assignment\run_20260122_160001.log
2026-01-22 16:00:02,731 - INFO - Initial Returns Data (R - continuously compounded daily returns in percentage points):
2026-01-22 16:00:02,734 - INFO -   Number of observations: 2516
2026-01-22 16:00:02,737 - INFO -   Date range: 2014-01-02 00:00:00 to 2023-12-29 00:00:00
2026-01-22 16:00:02,740 - INFO -   Statistics:
2026-01-22 16:00:02,742 - INFO -     Min: -8.182250
2026-01-22 16:00:02,759 - INFO -     Max: 6.066580
2026-01-22 16:00:02,760 - INFO -     Mean: 0.006821
2026-01-22 16:00:02,766 - INFO -     Std: 0.946441
2026-01-22 16:00:02,766 - INFO - 
----------------------------------------
 A1.1 Stylized Facts of Returns and Realised Variance 
----------------------------------------
2026-01-22 16:00:02,784 - INFO - A1.1.1 Mean of Returns: 0.006821
2026-01-22 16:00:02,785 - INFO - A1.1.1 Standard Deviation of Returns: 0.946441
2026-01-22 16:00:02,785 - INFO - A1.1.1 Kurtosis of Returns: 7.147513
2026-01-22 16:00:02,785 - INFO - A1.1.1 Skew of Returns: -0.673311
2026-01-22 16:00:02,786 - INFO - A1.1.1 Jarque-Bera test statistic of Returns: 5545.719216
2026-01-22 16:00:02,786 - INFO - A1.1.1 Jarque-Bera test p-value of Returns: 0.000000
2026-01-22 16:00:04,105 - INFO - A1.1.2 ACF values of Returns: [ 1.          0.02318542  0.0261453  -0.01651103 -0.0628296  -0.02656015
  0.03690219  0.03515872  0.02810959  0.02992156 -0.03138605 -0.03325255
  0.01015165  0.00912579 -0.01696393  0.01974055  0.01757875 -0.00691712
 -0.00255057 -0.0157828  -0.01466967]
2026-01-22 16:00:04,106 - INFO - A1.1.2 PACF values of Returns: [ 1.          0.02319464  0.02564191 -0.01773805 -0.0629135  -0.0230151
  0.04141018  0.03318383  0.01997639  0.02526854 -0.02908543 -0.02726162
  0.01727687  0.0118405  -0.02458097  0.01162265  0.01885247 -0.00440252
 -0.00347877 -0.01273419 -0.01049769]
2026-01-22 16:00:05,436 - INFO - A1.1.3 ACF values of Squared Returns: [1.         0.21374618 0.22516606 0.20060051 0.20783497 0.1382243
 0.1881327  0.19671785 0.09001006 0.15578955 0.09997493 0.13567053
 0.14088131 0.12646984 0.09355797 0.07377704 0.0767241  0.03861339
 0.04961219 0.01705887 0.0296357 ]
2026-01-22 16:00:05,437 - INFO - A1.1.3 ACF values of Absolute Returns: [1.         0.19920078 0.16379483 0.18266608 0.17420021 0.12117347
 0.16304852 0.1571762  0.10950964 0.14281093 0.11315781 0.14383244
 0.15215774 0.11826972 0.09519517 0.0802725  0.08866218 0.05555526
 0.09328163 0.05968674 0.04897724]
2026-01-22 16:00:08,298 - INFO - A1.1.4 Mean of Standardised Returns: 0.029757
2026-01-22 16:00:08,298 - INFO - A1.1.4 Standard Deviation of Standardised Returns: 0.904237
2026-01-22 16:00:08,299 - INFO - A1.1.4 Kurtosis of Standardised Returns: 0.036235
2026-01-22 16:00:08,300 - INFO - A1.1.4 Skew of Standardised Returns: -0.066715
2026-01-22 16:00:08,301 - INFO - A1.1.4 Jarque-Bera test statistic of Standardised Returns: 2.004052
2026-01-22 16:00:08,301 - INFO - A1.1.4 Jarque-Bera test p-value of Standardised Returns: 0.367135
2026-01-22 16:00:09,482 - INFO - 
----------------------------------------
 A1.1 (Part II)Properties of Realised Variance 
----------------------------------------
2026-01-22 16:00:09,493 - INFO - A1.1.5 Mean of Realised Variance: 1.134218
2026-01-22 16:00:09,494 - INFO - A1.1.5 Standard Deviation of Realised Variance: 4.188957
2026-01-22 16:00:09,494 - INFO - A1.1.5 Kurtosis of Realised Variance: 1202.722888
2026-01-22 16:00:09,494 - INFO - A1.1.5 Skew of Realised Variance: 30.665583
2026-01-22 16:00:09,495 - INFO - A1.1.5 Jarque-Bera test statistic of Realised Variance: 152040187.699413
2026-01-22 16:00:09,495 - INFO - A1.1.5 Jarque-Bera test p-value of Realised Variance: 0.000000
2026-01-22 16:00:09,502 - INFO - A1.1.6 ACF values of Realised Variance: [1.         0.24261004 0.23826886 0.20183926 0.17420837 0.16209681
 0.13350051 0.14984458 0.11521342 0.12662288 0.10726973 0.106095
 0.08811382 0.07884938 0.07188731 0.05606012 0.05453454 0.04599442
 0.04509027 0.03133569 0.03047094]
2026-01-22 16:00:09,504 - INFO - A1.1.6 PACF values of Realised Variance: [ 1.00000000e+00  2.42706508e-01  1.90790767e-01  1.20132703e-01
  7.87720047e-02  6.54903606e-02  3.47868559e-02  6.12701297e-02
  2.02632671e-02  4.03136689e-02  1.97625403e-02  2.36854047e-02
  6.21927373e-03  4.29012891e-03  2.72243102e-03 -6.52665319e-03
 -8.43429803e-04 -2.49217807e-03  1.47922870e-03 -9.07197688e-03
 -3.42720291e-03]
2026-01-22 16:00:11,013 - INFO - A1.1.7 Mean of Log Realised Variance: -0.365039
2026-01-22 16:00:11,014 - INFO - A1.1.7 Standard Deviation of Log Realised Variance: 0.771472
2026-01-22 16:00:11,014 - INFO - A1.1.7 Kurtosis of Log Realised Variance: 3.656018
2026-01-22 16:00:11,014 - INFO - A1.1.7 Skew of Log Realised Variance: 1.127745
2026-01-22 16:00:11,015 - INFO - A1.1.7 Jarque-Bera test statistic of Log Realised Variance: 1934.562536
2026-01-22 16:00:11,015 - INFO - A1.1.7 Jarque-Bera test p-value of Log Realised Variance: 0.000000
2026-01-22 16:00:12,144 - INFO - A1.1.8 ACF values of Log Realised Variance: [1.         0.66640613 0.60124365 0.56357263 0.52571146 0.49863562
 0.48258634 0.47362801 0.45248195 0.44814025 0.43584375 0.41733693
 0.38454878 0.37275566 0.34667764 0.34398134 0.33931405 0.32717635
 0.32197177 0.30587537 0.2892259 ]
2026-01-22 16:00:12,147 - INFO - A1.1.8 PACF values of Log Realised Variance: [ 1.          0.6666711   0.28309191  0.17206141  0.09838271  0.07459946
  0.07185693  0.07222905  0.0367252   0.05561351  0.03662599  0.01574927
 -0.0240982   0.00730733 -0.01834906  0.02377129  0.02372951  0.00814888
  0.01660327 -0.00465382 -0.01199424]
2026-01-22 16:00:13,532 - INFO - 
----------------------------------------
 A1.2 Historical Volatility 
----------------------------------------
2026-01-22 16:00:14,025 - INFO - A1.2 Mean Historical Variance for T=63: 0.901139
2026-01-22 16:00:14,025 - INFO - A1.2 Mean Historical Variance for T=125: 0.909290
2026-01-22 16:00:14,026 - INFO - A1.2 Mean Historical Variance for T=250: 0.924365
2026-01-22 16:00:14,026 - INFO - A1.2 Std Historical Variance for T=63: 0.805162
2026-01-22 16:00:14,027 - INFO - A1.2 Std Historical Variance for T=125: 0.588692
2026-01-22 16:00:14,027 - INFO - A1.2 Std Historical Variance for T=250: 0.437695
2026-01-22 16:00:15,108 - INFO - 
----------------------------------------
 A1.3 Riskmetric Model 
----------------------------------------
2026-01-22 16:00:15,109 - INFO - A1.3.1 Initialise sigma 0: 0.565490
2026-01-22 16:00:15,110 - INFO - A1.3.1 Initialise lambda: 0.940000
2026-01-22 16:00:15,150 - INFO - A1.3.3 Mean Riskmetric Volatility: 0.903076
2026-01-22 16:00:15,151 - INFO - A1.3.3 Std Riskmetric Volatility: 0.992818
2026-01-22 16:00:17,205 - INFO - 
----------------------------------------
 A1.4 GARCH(1,1) Model, Assuming Normal Distribution of zt 
----------------------------------------
2026-01-22 16:00:17,207 - INFO - A1.4.1 Sample Period: 1258 observations
2026-01-22 16:00:17,286 - INFO - A.1.4.1 GARCH(1,1) Model Results:                      Constant Mean - GARCH Model Results                      
==============================================================================
Dep. Variable:                      R   R-squared:                       0.000
Mean Model:             Constant Mean   Adj. R-squared:                  0.000
Vol Model:                      GARCH   Log-Likelihood:               -1530.35
Distribution:                  Normal   AIC:                           3068.70
Method:            Maximum Likelihood   BIC:                           3089.25
                                        No. Observations:                 1258
Date:                Thu, Jan 22 2026   Df Residuals:                     1257
Time:                        16:00:17   Df Model:                            1
                                  Mean Model                                 
=============================================================================
                 coef    std err          t      P>|t|       95.0% Conf. Int.
-----------------------------------------------------------------------------
mu             0.0164  2.519e-02      0.650      0.516 [-3.300e-02,6.576e-02]
                               Volatility Model                              
=============================================================================
                 coef    std err          t      P>|t|       95.0% Conf. Int.
-----------------------------------------------------------------------------
omega          0.0187  1.406e-02      1.329      0.184 [-8.862e-03,4.623e-02]
alpha[1]       0.0715  2.156e-02      3.315  9.177e-04    [2.921e-02,  0.114]
beta[1]        0.9094  3.573e-02     25.454 6.412e-143      [  0.839,  0.979]
=============================================================================

Covariance estimator: robust
2026-01-22 16:00:19,197 - INFO - A1.4.4 Mean of Standardised Returns: -0.000937
2026-01-22 16:00:19,198 - INFO - A1.4.4 Standard Deviation of Standardised Returns: 0.999915
2026-01-22 16:00:19,198 - INFO - A1.4.4 Kurtosis of Standardised Returns: 7.533211
2026-01-22 16:00:19,199 - INFO - A1.4.4 Skew of Standardised Returns: -0.938868
2026-01-22 16:00:19,199 - INFO - A1.4.4 Jarque-Bera test statistic of Standardised Returns: 3159.422863
2026-01-22 16:00:19,200 - INFO - A1.4.4 Jarque-Bera test p-value of Standardised Returns: 0.000000
2026-01-22 16:00:22,875 - INFO - 
----------------------------------------
 A1.5 ARCH(1) Model, Assuming Normal Distribution of zt 
----------------------------------------
2026-01-22 16:00:22,876 - INFO - A1.5.1 Sample Period: 1258 observations
2026-01-22 16:00:22,913 - INFO - A.1.5.1 ARCH(1) Model Results:                       Constant Mean - ARCH Model Results                      
==============================================================================
Dep. Variable:                      R   R-squared:                       0.000
Mean Model:             Constant Mean   Adj. R-squared:                  0.000
Vol Model:                       ARCH   Log-Likelihood:               -1575.80
Distribution:                  Normal   AIC:                           3157.60
Method:            Maximum Likelihood   BIC:                           3173.01
                                        No. Observations:                 1258
Date:                Thu, Jan 22 2026   Df Residuals:                     1257
Time:                        16:00:22   Df Model:                            1
                                  Mean Model                                 
=============================================================================
                 coef    std err          t      P>|t|       95.0% Conf. Int.
-----------------------------------------------------------------------------
mu         8.7010e-04  2.784e-02  3.125e-02      0.975 [-5.370e-02,5.544e-02]
                             Volatility Model                             
==========================================================================
                 coef    std err          t      P>|t|    95.0% Conf. Int.
--------------------------------------------------------------------------
omega          0.6006  6.903e-02      8.701  3.296e-18   [  0.465,  0.736]
alpha[1]       0.2181  8.054e-02      2.707  6.781e-03 [6.020e-02,  0.376]
==========================================================================

Covariance estimator: robust
2026-01-22 16:00:24,894 - INFO - A1.5.5 Mean of Standardised Returns: 0.009092
2026-01-22 16:00:24,895 - INFO - A1.5.5 Standard Deviation of Standardised Returns: 1.000356
2026-01-22 16:00:24,895 - INFO - A1.5.5 Kurtosis of Standardised Returns: 9.883057
2026-01-22 16:00:24,896 - INFO - A1.5.5 Skew of Standardised Returns: -1.266004
2026-01-22 16:00:24,896 - INFO - A1.5.5 Jarque-Bera test statistic of Standardised Returns: 5455.834455
2026-01-22 16:00:24,897 - INFO - A1.5.5 Jarque-Bera test p-value of Standardised Returns: 0.000000
2026-01-22 16:00:29,829 - INFO - 
----------------------------------------
 A1.6 Threshold GARCH (asymmetric) and GARCH-X 
----------------------------------------
2026-01-22 16:00:29,930 - INFO - A1.6.2 Threshold Garch Model Results:
                   Constant Mean - GJR-GARCH Model Results                    
==============================================================================
Dep. Variable:                      R   R-squared:                       0.000
Mean Model:             Constant Mean   Adj. R-squared:                  0.000
Vol Model:                  GJR-GARCH   Log-Likelihood:               -3257.54
Distribution:                  Normal   AIC:                           6525.08
Method:            Maximum Likelihood   BIC:                           6554.23
                                        No. Observations:                 2516
Date:                Thu, Jan 22 2026   Df Residuals:                     2515
Time:                        16:00:29   Df Model:                            1
                                  Mean Model                                 
=============================================================================
                 coef    std err          t      P>|t|       95.0% Conf. Int.
-----------------------------------------------------------------------------
mu         6.3180e-03  1.780e-02      0.355      0.723 [-2.858e-02,4.121e-02]
                              Volatility Model                              
============================================================================
                 coef    std err          t      P>|t|      95.0% Conf. Int.
----------------------------------------------------------------------------
omega          0.0389  1.837e-02      2.116  3.438e-02 [2.860e-03,7.487e-02]
alpha[1]       0.0462  1.691e-02      2.730  6.338e-03 [1.302e-02,7.930e-02]
gamma[1]       0.0341  3.397e-02      1.002      0.316  [-3.253e-02,  0.101]
beta[1]        0.8911  3.463e-02     25.732 5.161e-146     [  0.823,  0.959]
============================================================================

Covariance estimator: robust
2026-01-22 16:00:30,012 - INFO - A1.6.3 GARCHX Model Results:
                     Constant Mean - GARCH Model Results                      
==============================================================================
Dep. Variable:                      R   R-squared:                       0.000
Mean Model:             Constant Mean   Adj. R-squared:                  0.000
Vol Model:                      GARCH   Log-Likelihood:               -3259.00
Distribution:                  Normal   AIC:                           6525.99
Method:            Maximum Likelihood   BIC:                           6549.31
                                        No. Observations:                 2515
Date:                Thu, Jan 22 2026   Df Residuals:                     2514
Time:                        16:00:29   Df Model:                            1
                                  Mean Model                                 
=============================================================================
                 coef    std err          t      P>|t|       95.0% Conf. Int.
-----------------------------------------------------------------------------
mu         8.9387e-03  1.836e-02      0.487      0.626 [-2.705e-02,4.493e-02]
                               Volatility Model                              
=============================================================================
                 coef    std err          t      P>|t|       95.0% Conf. Int.
-----------------------------------------------------------------------------
omega          0.0379  1.956e-02      1.937  5.278e-02 [-4.542e-04,7.623e-02]
alpha[1]       0.0641  1.572e-02      4.079  4.532e-05  [3.331e-02,9.495e-02]
beta[1]        0.8922  3.711e-02     24.042 1.016e-127      [  0.819,  0.965]
=============================================================================

Covariance estimator: robust
