2026-01-29 12:09:56,873 - INFO - Logging initialized. Log file: /Users/hidde/Documents/GitHub/Quant-Finance-Assignment-1/log_assignment/run_20260129_120956.log
2026-01-29 12:09:56,966 - INFO - Initial Returns Data (R - continuously compounded daily returns in percentage points):
2026-01-29 12:09:56,966 - INFO -   Number of observations: 2516
2026-01-29 12:09:56,966 - INFO -   Date range: 2014-01-02 00:00:00 to 2023-12-29 00:00:00
2026-01-29 12:09:56,966 - INFO -   Statistics:
2026-01-29 12:09:56,966 - INFO -     Min: -8.182250
2026-01-29 12:09:56,966 - INFO -     Max: 6.066580
2026-01-29 12:09:56,966 - INFO -     Mean: 0.006821
2026-01-29 12:09:56,966 - INFO -     Std: 0.946441
2026-01-29 12:09:56,966 - INFO - 
----------------------------------------
 A1.1 Stylized Facts of Returns and Realised Variance 
----------------------------------------
2026-01-29 12:09:56,970 - INFO - A1.1.1 Mean of Returns: 0.006821
2026-01-29 12:09:56,970 - INFO - A1.1.1 Standard Deviation of Returns: 0.946441
2026-01-29 12:09:56,970 - INFO - A1.1.1 Kurtosis of Returns: 7.147513
2026-01-29 12:09:56,970 - INFO - A1.1.1 Skew of Returns: -0.673311
2026-01-29 12:09:56,970 - INFO - A1.1.1 Jarque-Bera test statistic of Returns: 5545.719216
2026-01-29 12:09:56,970 - INFO - A1.1.1 Jarque-Bera test p-value of Returns: 0.000000
2026-01-29 12:09:57,210 - INFO - A1.1.2 ACF values of Returns: [ 1.          0.02318542  0.0261453  -0.01651103 -0.0628296  -0.02656015
  0.03690219  0.03515872  0.02810959  0.02992156 -0.03138605 -0.03325255
  0.01015165  0.00912579 -0.01696393  0.01974055  0.01757875 -0.00691712
 -0.00255057 -0.0157828  -0.01466967]
2026-01-29 12:09:57,210 - INFO - A1.1.2 PACF values of Returns: [ 1.          0.02319464  0.02564191 -0.01773805 -0.0629135  -0.0230151
  0.04141018  0.03318383  0.01997639  0.02526854 -0.02908543 -0.02726162
  0.01727687  0.0118405  -0.02458097  0.01162265  0.01885247 -0.00440252
 -0.00347877 -0.01273419 -0.01049769]
2026-01-29 12:09:57,464 - INFO - A1.1.3 ACF values of Squared Returns: [1.         0.21374618 0.22516606 0.20060051 0.20783497 0.1382243
 0.1881327  0.19671785 0.09001006 0.15578955 0.09997493 0.13567053
 0.14088131 0.12646984 0.09355797 0.07377704 0.0767241  0.03861339
 0.04961219 0.01705887 0.0296357 ]
2026-01-29 12:09:57,465 - INFO - A1.1.3 ACF values of Absolute Returns: [1.         0.19920078 0.16379483 0.18266608 0.17420021 0.12117347
 0.16304852 0.1571762  0.10950964 0.14281093 0.11315781 0.14383244
 0.15215774 0.11826972 0.09519517 0.0802725  0.08866218 0.05555526
 0.09328163 0.05968674 0.04897724]
2026-01-29 12:09:57,973 - INFO - A1.1.4 Mean of Standardised Returns: 0.029757
2026-01-29 12:09:57,973 - INFO - A1.1.4 Standard Deviation of Standardised Returns: 0.904237
2026-01-29 12:09:57,973 - INFO - A1.1.4 Kurtosis of Standardised Returns: 0.036235
2026-01-29 12:09:57,973 - INFO - A1.1.4 Skew of Standardised Returns: -0.066715
2026-01-29 12:09:57,973 - INFO - A1.1.4 Jarque-Bera test statistic of Standardised Returns: 2.004052
2026-01-29 12:09:57,973 - INFO - A1.1.4 Jarque-Bera test p-value of Standardised Returns: 0.367135
2026-01-29 12:09:58,180 - INFO - 
----------------------------------------
 A1.1 (Part II)Properties of Realised Variance 
----------------------------------------
2026-01-29 12:09:58,182 - INFO - A1.1.5 Mean of Realised Variance: 1.134218
2026-01-29 12:09:58,182 - INFO - A1.1.5 Standard Deviation of Realised Variance: 4.188957
2026-01-29 12:09:58,183 - INFO - A1.1.5 Kurtosis of Realised Variance: 1202.722888
2026-01-29 12:09:58,183 - INFO - A1.1.5 Skew of Realised Variance: 30.665583
2026-01-29 12:09:58,183 - INFO - A1.1.5 Jarque-Bera test statistic of Realised Variance: 152040187.699413
2026-01-29 12:09:58,183 - INFO - A1.1.5 Jarque-Bera test p-value of Realised Variance: 0.000000
2026-01-29 12:09:58,184 - INFO - A1.1.6 ACF values of Realised Variance: [1.         0.24261004 0.23826886 0.20183926 0.17420837 0.16209681
 0.13350051 0.14984458 0.11521342 0.12662288 0.10726973 0.106095
 0.08811382 0.07884938 0.07188731 0.05606012 0.05453454 0.04599442
 0.04509027 0.03133569 0.03047094]
2026-01-29 12:09:58,184 - INFO - A1.1.6 PACF values of Realised Variance: [ 1.00000000e+00  2.42706508e-01  1.90790767e-01  1.20132703e-01
  7.87720047e-02  6.54903606e-02  3.47868559e-02  6.12701297e-02
  2.02632671e-02  4.03136689e-02  1.97625403e-02  2.36854047e-02
  6.21927373e-03  4.29012891e-03  2.72243102e-03 -6.52665319e-03
 -8.43429803e-04 -2.49217807e-03  1.47922870e-03 -9.07197688e-03
 -3.42720291e-03]
2026-01-29 12:09:58,446 - INFO - A1.1.7 Mean of Log Realised Variance: -0.365039
2026-01-29 12:09:58,446 - INFO - A1.1.7 Standard Deviation of Log Realised Variance: 0.771472
2026-01-29 12:09:58,446 - INFO - A1.1.7 Kurtosis of Log Realised Variance: 3.656018
2026-01-29 12:09:58,446 - INFO - A1.1.7 Skew of Log Realised Variance: 1.127745
2026-01-29 12:09:58,446 - INFO - A1.1.7 Jarque-Bera test statistic of Log Realised Variance: 1934.562536
2026-01-29 12:09:58,446 - INFO - A1.1.7 Jarque-Bera test p-value of Log Realised Variance: 0.000000
2026-01-29 12:09:58,655 - INFO - A1.1.8 ACF values of Log Realised Variance: [1.         0.66640613 0.60124365 0.56357263 0.52571146 0.49863562
 0.48258634 0.47362801 0.45248195 0.44814025 0.43584375 0.41733693
 0.38454878 0.37275566 0.34667764 0.34398134 0.33931405 0.32717635
 0.32197177 0.30587537 0.2892259 ]
2026-01-29 12:09:58,655 - INFO - A1.1.8 PACF values of Log Realised Variance: [ 1.          0.6666711   0.28309191  0.17206141  0.09838271  0.07459946
  0.07185693  0.07222905  0.0367252   0.05561351  0.03662599  0.01574927
 -0.0240982   0.00730733 -0.01834906  0.02377129  0.02372951  0.00814888
  0.01660327 -0.00465382 -0.01199424]
2026-01-29 12:09:58,920 - INFO - 
----------------------------------------
 A1.2 Historical Volatility 
----------------------------------------
2026-01-29 12:09:58,986 - INFO - A1.2 Mean Historical Variance for T=63: 0.901139
2026-01-29 12:09:58,987 - INFO - A1.2 Mean Historical Variance for T=125: 0.909290
2026-01-29 12:09:58,987 - INFO - A1.2 Mean Historical Variance for T=250: 0.924365
2026-01-29 12:09:58,987 - INFO - A1.2 Std Historical Variance for T=63: 0.805162
2026-01-29 12:09:58,987 - INFO - A1.2 Std Historical Variance for T=125: 0.588692
2026-01-29 12:09:58,987 - INFO - A1.2 Std Historical Variance for T=250: 0.437695
2026-01-29 12:09:59,236 - INFO - 
----------------------------------------
 A1.3 Riskmetric Model 
----------------------------------------
2026-01-29 12:09:59,237 - INFO - A1.3.1 Initialise sigma 0: 0.565490
2026-01-29 12:09:59,237 - INFO - A1.3.1 Initialise lambda: 0.940000
2026-01-29 12:09:59,243 - INFO - A1.3.3 Mean Riskmetric Volatility: 0.903076
2026-01-29 12:09:59,243 - INFO - A1.3.3 Std Riskmetric Volatility: 0.992818
2026-01-29 12:09:59,670 - INFO - 
----------------------------------------
 A1.4 GARCH(1,1) Model, Assuming Normal Distribution of zt 
----------------------------------------
2026-01-29 12:09:59,671 - INFO - A1.4.1 Sample Period: 1258 observations
2026-01-29 12:09:59,682 - INFO - A.1.4.1 GARCH(1,1) Model Results:                      Constant Mean - GARCH Model Results                      
==============================================================================
Dep. Variable:                      R   R-squared:                       0.000
Mean Model:             Constant Mean   Adj. R-squared:                  0.000
Vol Model:                      GARCH   Log-Likelihood:               -1530.35
Distribution:                  Normal   AIC:                           3068.70
Method:            Maximum Likelihood   BIC:                           3089.25
                                        No. Observations:                 1258
Date:                Thu, Jan 29 2026   Df Residuals:                     1257
Time:                        12:09:59   Df Model:                            1
                                  Mean Model                                 
=============================================================================
                 coef    std err          t      P>|t|       95.0% Conf. Int.
-----------------------------------------------------------------------------
mu             0.0164  2.519e-02      0.650      0.516 [-3.300e-02,6.576e-02]
                               Volatility Model                              
=============================================================================
                 coef    std err          t      P>|t|       95.0% Conf. Int.
-----------------------------------------------------------------------------
omega          0.0187  1.406e-02      1.329      0.184 [-8.862e-03,4.623e-02]
alpha[1]       0.0715  2.156e-02      3.315  9.177e-04    [2.921e-02,  0.114]
beta[1]        0.9094  3.573e-02     25.454 6.413e-143      [  0.839,  0.979]
=============================================================================

Covariance estimator: robust
2026-01-29 12:10:00,078 - INFO - A1.4.4 Mean of Standardised Returns: -0.000937
2026-01-29 12:10:00,078 - INFO - A1.4.4 Standard Deviation of Standardised Returns: 0.999915
2026-01-29 12:10:00,078 - INFO - A1.4.4 Kurtosis of Standardised Returns: 7.533211
2026-01-29 12:10:00,078 - INFO - A1.4.4 Skew of Standardised Returns: -0.938868
2026-01-29 12:10:00,078 - INFO - A1.4.4 Jarque-Bera test statistic of Standardised Returns: 3159.422974
2026-01-29 12:10:00,078 - INFO - A1.4.4 Jarque-Bera test p-value of Standardised Returns: 0.000000
2026-01-29 12:10:00,805 - INFO - 
----------------------------------------
 A1.5 ARCH(1) Model, Assuming Normal Distribution of zt 
----------------------------------------
2026-01-29 12:10:00,805 - INFO - A1.5.1 Sample Period: 1258 observations
2026-01-29 12:10:00,812 - INFO - A.1.5.1 ARCH(1) Model Results:                       Constant Mean - ARCH Model Results                      
==============================================================================
Dep. Variable:                      R   R-squared:                       0.000
Mean Model:             Constant Mean   Adj. R-squared:                  0.000
Vol Model:                       ARCH   Log-Likelihood:               -1575.80
Distribution:                  Normal   AIC:                           3157.60
Method:            Maximum Likelihood   BIC:                           3173.01
                                        No. Observations:                 1258
Date:                Thu, Jan 29 2026   Df Residuals:                     1257
Time:                        12:10:00   Df Model:                            1
                                  Mean Model                                 
=============================================================================
                 coef    std err          t      P>|t|       95.0% Conf. Int.
-----------------------------------------------------------------------------
mu         8.7011e-04  2.784e-02  3.125e-02      0.975 [-5.370e-02,5.544e-02]
                             Volatility Model                             
==========================================================================
                 coef    std err          t      P>|t|    95.0% Conf. Int.
--------------------------------------------------------------------------
omega          0.6006  6.903e-02      8.701  3.296e-18   [  0.465,  0.736]
alpha[1]       0.2181  8.054e-02      2.707  6.781e-03 [6.020e-02,  0.376]
==========================================================================

Covariance estimator: robust
2026-01-29 12:10:01,210 - INFO - A1.5.5 Mean of Standardised Returns: 0.009092
2026-01-29 12:10:01,210 - INFO - A1.5.5 Standard Deviation of Standardised Returns: 1.000356
2026-01-29 12:10:01,210 - INFO - A1.5.5 Kurtosis of Standardised Returns: 9.883057
2026-01-29 12:10:01,210 - INFO - A1.5.5 Skew of Standardised Returns: -1.266004
2026-01-29 12:10:01,210 - INFO - A1.5.5 Jarque-Bera test statistic of Standardised Returns: 5455.834543
2026-01-29 12:10:01,210 - INFO - A1.5.5 Jarque-Bera test p-value of Standardised Returns: 0.000000
2026-01-29 12:10:02,217 - INFO - 
----------------------------------------
 A1.6 Threshold GARCH (asymmetric) and GARCH-X 
----------------------------------------
2026-01-29 12:10:02,217 - INFO - A1.6.1 Sample Period: 1258 observations
2026-01-29 12:10:02,229 - INFO - A1.6.2 Threshold Garch Model Results:
                   Constant Mean - GJR-GARCH Model Results                    
==============================================================================
Dep. Variable:                      R   R-squared:                       0.000
Mean Model:             Constant Mean   Adj. R-squared:                  0.000
Vol Model:                  GJR-GARCH   Log-Likelihood:               -1529.29
Distribution:                  Normal   AIC:                           3068.59
Method:            Maximum Likelihood   BIC:                           3094.27
                                        No. Observations:                 1258
Date:                Thu, Jan 29 2026   Df Residuals:                     1257
Time:                        12:10:02   Df Model:                            1
                                  Mean Model                                 
=============================================================================
                 coef    std err          t      P>|t|       95.0% Conf. Int.
-----------------------------------------------------------------------------
mu             0.0139  2.449e-02      0.569      0.569 [-3.407e-02,6.194e-02]
                               Volatility Model                              
=============================================================================
                 coef    std err          t      P>|t|       95.0% Conf. Int.
-----------------------------------------------------------------------------
omega          0.0186  1.342e-02      1.385      0.166 [-7.712e-03,4.488e-02]
alpha[1]       0.0460  3.608e-02      1.274      0.203   [-2.475e-02,  0.117]
gamma[1]       0.0345  4.051e-02      0.851      0.394   [-4.491e-02,  0.114]
beta[1]        0.9161  3.156e-02     29.024 3.237e-185      [  0.854,  0.978]
=============================================================================

Covariance estimator: robust
2026-01-29 12:10:02,229 - INFO - Estimating GARCH-X model...
2026-01-29 12:10:02,317 - INFO - A1.6.3 GARCHX Model Results:
2026-01-29 12:10:02,318 - INFO -   Parameters:
2026-01-29 12:10:02,318 - INFO -     mu:    0.015141 (std err: 0.021094)
2026-01-29 12:10:02,318 - INFO -     omega: 0.046813 (std err: 0.009237)
2026-01-29 12:10:02,318 - INFO -     alpha: 0.064475 (std err: 0.017209)
2026-01-29 12:10:02,318 - INFO -     beta:  0.537004 (std err: 0.017162)
2026-01-29 12:10:02,318 - INFO -     delta: 0.334625 (std err: 0.018743)
2026-01-29 12:10:02,318 - INFO -   alpha + beta: 0.601479
2026-01-29 12:10:02,318 - INFO -   Log-likelihood: -1498.54
2026-01-29 12:10:02,318 - INFO -   Delta t-statistic: 17.854 (significant if |t| > 1.96)
2026-01-29 12:10:02,320 - INFO - A1.6.3 Log 26 Jan 2016 return: 3.951330
2026-01-29 12:10:02,320 - INFO - A1.6.3 Threshold Garch Conditional Volatility 26 Jan 2016: 0.858644
2026-01-29 12:10:02,320 - INFO - A1.6.3 Garch Conditional Volatility 26 Jan 2016: 0.858644
2026-01-29 12:10:02,320 - INFO - A1.6.3 Log 14 Dec 2018 return: -8.182250
2026-01-29 12:10:02,320 - INFO - A1.6.3 Threshold Garch Conditional Volatility 14 Dec 2018: 0.879162
2026-01-29 12:10:02,320 - INFO - A1.6.3 Garch Conditional Volatility 14 Dec 2018: 0.879162
2026-01-29 12:10:02,320 - INFO - 
----------------------------------------
 A1.7 Forecasting Volatility 
----------------------------------------
2026-01-29 12:10:02,320 - INFO - A1.7.1 Forecast Period: 1258 observations
2026-01-29 12:10:02,321 - INFO - A1.7.1 Variance Proxy (Squared Returns): 1258 observations
